Build started 7/19/2017 9:10:52 AM.
     1>Project "C:\Users\vlsilab2\Desktop\cprogram2\read_socket\read_socket\read_socket.vcxproj" on node 2 (build target(s)).
     1>InitializeBuildStatus:
         Creating "x64\Debug\read_socket.unsuccessfulbuild" because "AlwaysCreate" was specified.
       ClCompile:
         D:\Program Files (x86)\Microsoft Visual Studio 10.0\VC\bin\x86_amd64\CL.exe /c /Zi /nologo /W3 /WX- /Od /D WIN32 /D _DEBUG /D _WINDOWS /D _USRDLL /D READ_SOCKET_EXPORTS /D _WINDLL /D _UNICODE /D UNICODE /Gm /EHsc /RTC1 /MDd /GS /fp:precise /Zc:wchar_t /Zc:forScope /Fo"x64\Debug\\" /Fd"x64\Debug\vc100.pdb" /Gd /TC /errorReport:prompt read_socket.c
         read_socket.c
     1>read_socket.c(501): warning C4101: 'num_of_chars' : unreferenced local variable
     1>read_socket.c(498): warning C4101: 'write_thread_debug_file' : unreferenced local variable
     1>read_socket.c(504): warning C4101: 'debug_text' : unreferenced local variable
       Link:
         D:\Program Files (x86)\Microsoft Visual Studio 10.0\VC\bin\x86_amd64\link.exe /ERRORREPORT:PROMPT /OUT:"C:\Users\vlsilab2\Desktop\cprogram2\read_socket\x64\Debug\read_socket.dll" /INCREMENTAL:NO /NOLOGO kernel32.lib user32.lib gdi32.lib winspool.lib comdlg32.lib advapi32.lib shell32.lib ole32.lib oleaut32.lib uuid.lib odbc32.lib odbccp32.lib /MANIFEST /ManifestFile:"x64\Debug\read_socket.dll.intermediate.manifest" /MANIFESTUAC:"level='asInvoker' uiAccess='false'" /DEBUG /PDB:"C:\Users\vlsilab2\Desktop\cprogram2\read_socket\x64\Debug\read_socket.pdb" /SUBSYSTEM:WINDOWS /TLBID:1 /DYNAMICBASE /NXCOMPAT /IMPLIB:"C:\Users\vlsilab2\Desktop\cprogram2\read_socket\x64\Debug\read_socket.lib" /MACHINE:X64 /DLL x64\Debug\read_socket.obj
            Creating library C:\Users\vlsilab2\Desktop\cprogram2\read_socket\x64\Debug\read_socket.lib and object C:\Users\vlsilab2\Desktop\cprogram2\read_socket\x64\Debug\read_socket.exp
         read_socket.vcxproj -> C:\Users\vlsilab2\Desktop\cprogram2\read_socket\x64\Debug\read_socket.dll
       Manifest:
         C:\Program Files (x86)\Microsoft SDKs\Windows\v7.0A\bin\mt.exe /nologo /verbose /outputresource:"C:\Users\vlsilab2\Desktop\cprogram2\read_socket\x64\Debug\read_socket.dll;#2" /manifest x64\Debug\read_socket.dll.intermediate.manifest
       FinalizeBuildStatus:
         Deleting file "x64\Debug\read_socket.unsuccessfulbuild".
         Touching "x64\Debug\read_socket.lastbuildstate".
     1>Done Building Project "C:\Users\vlsilab2\Desktop\cprogram2\read_socket\read_socket\read_socket.vcxproj" (build target(s)).

Build succeeded.

Time Elapsed 00:00:04.97
